--- Settings ---
Pangenome: dev/panmans/rsv_4000.panman (7999 nodes)
Reads: /scratch1/alan/data/panmama_eval/rsv_reads/reads/1_haplotypes/replicate_0/h1_r0_2000_R1.fastq + /scratch1/alan/data/panmama_eval/rsv_reads/reads/1_haplotypes/replicate_0/h1_r0_2000_R2.fastq
Output prefix: panmap
Outputs: bam,vcf,assembly
Reindex: 0
k-mer length: 19
s-mer length: 8
Index loaded from: dev/panmans/rsv_4000.panman.pmi
Will stop after stage: 
Loading default mutation matrices from: dev/panmans/rsv_4000.panman.mm
Reading...
Placing...
Placement time: 386 milliseconds
panmap run completed.
--- Settings ---
Pangenome: dev/panmans/rsv_4000.panman (7999 nodes)
Reads: /scratch1/alan/data/panmama_eval/rsv_reads/reads/1_haplotypes/replicate_0/h1_r0_2000_R1.fastq + /scratch1/alan/data/panmama_eval/rsv_reads/reads/1_haplotypes/replicate_0/h1_r0_2000_R2.fastq
Output prefix: panmap
Outputs: bam,vcf,assembly
Reindex: 0
k-mer length: 19
s-mer length: 8
Index loaded from: dev/panmans/rsv_4000.panman.pmi
Will stop after stage: 
Loading default mutation matrices from: dev/panmans/rsv_4000.panman.mm
Reading...
Placing...
Placement time: 245 milliseconds
panmap run completed.
--- Settings ---
Pangenome: dev/panmans/rsv_4000.panman (7999 nodes)
Reads: /scratch1/alan/data/panmama_eval/rsv_reads/reads/1_haplotypes/replicate_0/h1_r0_2000_R1.fastq + /scratch1/alan/data/panmama_eval/rsv_reads/reads/1_haplotypes/replicate_0/h1_r0_2000_R2.fastq
Output prefix: panmap
Outputs: bam,vcf,assembly
Reindex: 0
k-mer length: 19
s-mer length: 8
Index loaded from: dev/panmans/rsv_4000.panman.pmi
Will stop after stage: 
Loading default mutation matrices from: dev/panmans/rsv_4000.panman.mm
Reading...
Placing...
Placement time: 206 milliseconds
panmap run completed.
--- Settings ---
Pangenome: dev/panmans/rsv_4000.panman (7999 nodes)
Reads: /scratch1/alan/data/panmama_eval/rsv_reads/reads/1_haplotypes/replicate_0/h1_r0_2000_R1.fastq + /scratch1/alan/data/panmama_eval/rsv_reads/reads/1_haplotypes/replicate_0/h1_r0_2000_R2.fastq
Output prefix: panmap
Outputs: bam,vcf,assembly
Reindex: 0
k-mer length: 19
s-mer length: 8
Index loaded from: dev/panmans/rsv_4000.panman.pmi
Will stop after stage: 
Loading default mutation matrices from: dev/panmans/rsv_4000.panman.mm
Reading...
Placing...
Placement time: 3812 milliseconds
panmap run completed.
--- Settings ---
Pangenome: dev/panmans/rsv_4000.panman (7999 nodes)
Reads: /scratch1/alan/data/panmama_eval/rsv_reads/reads/1_haplotypes/replicate_0/h1_r0_2000_R1.fastq + /scratch1/alan/data/panmama_eval/rsv_reads/reads/1_haplotypes/replicate_0/h1_r0_2000_R2.fastq
Output prefix: panmap
Outputs: bam,vcf,assembly
Reindex: 0
k-mer length: 19
s-mer length: 8
Index loaded from: dev/panmans/rsv_4000.panman.pmi
Will stop after stage: 
Loading default mutation matrices from: dev/panmans/rsv_4000.panman.mm
Reading...
Placing...
Placement time: 0 milliseconds
panmap run completed.
--- Settings ---
Pangenome: dev/panmans/rsv_4000.panman (7999 nodes)
Reads: /scratch1/alan/data/panmama_eval/rsv_reads/reads/1_haplotypes/replicate_0/h1_r0_2000_R1.fastq + /scratch1/alan/data/panmama_eval/rsv_reads/reads/1_haplotypes/replicate_0/h1_r0_2000_R2.fastq
Output prefix: panmap
Outputs: bam,vcf,assembly
Reindex: 0
k-mer length: 19
s-mer length: 8
Index loaded from: dev/panmans/rsv_4000.panman.pmi
Will stop after stage: 
Loading default mutation matrices from: dev/panmans/rsv_4000.panman.mm
Reading...
Placing...
Placement time: 487 milliseconds
panmap run completed.
--- Settings ---
Pangenome: dev/panmans/rsv_4000.panman (7999 nodes)
Reads: /scratch1/alan/data/panmama_eval/rsv_reads/reads/1_haplotypes/replicate_0/h1_r0_2000_R1.fastq + /scratch1/alan/data/panmama_eval/rsv_reads/reads/1_haplotypes/replicate_0/h1_r0_2000_R2.fastq
Output prefix: panmap
Outputs: bam,vcf,assembly
Reindex: 0
k-mer length: 19
s-mer length: 8
Index loaded from: dev/panmans/rsv_4000.panman.pmi
Will stop after stage: 
Loading default mutation matrices from: dev/panmans/rsv_4000.panman.mm
Reading...
Placing...
Placement time: 1178 milliseconds
panmap run completed.
--- Settings ---
Pangenome: dev/panmans/rsv_4000.panman (7999 nodes)
Reads: /scratch1/alan/data/panmama_eval/rsv_reads/reads/1_haplotypes/replicate_0/h1_r0_2000_R1.fastq + /scratch1/alan/data/panmama_eval/rsv_reads/reads/1_haplotypes/replicate_0/h1_r0_2000_R2.fastq
Output prefix: panmap
Outputs: bam,vcf,assembly
Reindex: 0
k-mer length: 19
s-mer length: 8
Index loaded from: dev/panmans/rsv_4000.panman.pmi
Will stop after stage: 
Loading default mutation matrices from: dev/panmans/rsv_4000.panman.mm
Reading...
Placing...
Placement time: 122 milliseconds
panmap run completed.
--- Settings ---
Pangenome: dev/panmans/rsv_4000.panman (7999 nodes)
Reads: /scratch1/alan/data/panmama_eval/rsv_reads/reads/1_haplotypes/replicate_0/h1_r0_2000_R1.fastq + /scratch1/alan/data/panmama_eval/rsv_reads/reads/1_haplotypes/replicate_0/h1_r0_2000_R2.fastq
Output prefix: panmap
Outputs: bam,vcf,assembly
Reindex: 0
k-mer length: 19
s-mer length: 8
Index loaded from: dev/panmans/rsv_4000.panman.pmi
Will stop after stage: 
Loading default mutation matrices from: dev/panmans/rsv_4000.panman.mm
Reading...
Placing...
Placement time: 0 milliseconds
panmap run completed.
--- Settings ---
Pangenome: dev/panmans/rsv_4000.panman (7999 nodes)
Reads: /scratch1/alan/data/panmama_eval/rsv_reads/reads/1_haplotypes/replicate_0/h1_r0_2000_R*.fastq
Output prefix: panmap
Outputs: bam,vcf,assembly
Reindex: 0
k-mer length: 19
s-mer length: 8
Index loaded from: dev/panmans/rsv_4000.panman.pmi
Will stop after stage: 
Loading default mutation matrices from: dev/panmans/rsv_4000.panman.mm
Reading...
Placing...
Placement time: 0 milliseconds
panmap run completed.
--- Settings ---
Pangenome: dev/panmans/rsv_4000.panman (7999 nodes)
Reads: /scratch1/alan/data/panmama_eval/rsv_reads/reads/1_haplotypes/replicate_0/h1_r0_2000_R*.fastq
Output prefix: panmap
Outputs: bam,vcf,assembly
Reindex: 0
k-mer length: 19
s-mer length: 8
Index loaded from: dev/panmans/rsv_4000.panman.pmi
Will stop after stage: 
Loading default mutation matrices from: dev/panmans/rsv_4000.panman.mm
Reading...
Placing...
Placement time: 0 milliseconds
panmap run completed.
--- Settings ---
Pangenome: dev/panmans/rsv_4000.panman (7999 nodes)
Reads: /scratch1/alan/data/panmama_eval/rsv_reads/reads/1_haplotypes/replicate_0/h1_r0_2000_R*.fastq
Output prefix: panmap
Outputs: bam,vcf,assembly
Reindex: 0
k-mer length: 19
s-mer length: 8
Index loaded from: dev/panmans/rsv_4000.panman.pmi
Will stop after stage: 
Loading default mutation matrices from: dev/panmans/rsv_4000.panman.mm
Reading...
Placing...
Placement time: 0 milliseconds
panmap run completed.
--- Settings ---
Pangenome: dev/panmans/rsv_4000.panman (7999 nodes)
Reads: /scratch1/alan/data/panmama_eval/rsv_reads/reads/1_haplotypes/replicate_0/h1_r0_2000_R*.fastq
Output prefix: panmap
Outputs: bam,vcf,assembly
Reindex: 0
k-mer length: 19
s-mer length: 8
Index loaded from: dev/panmans/rsv_4000.panman.pmi
Will stop after stage: 
Loading default mutation matrices from: dev/panmans/rsv_4000.panman.mm
Reading...
Placing...
Placement time: 0 milliseconds
panmap run completed.
--- Settings ---
Pangenome: dev/panmans/rsv_4000.panman (7999 nodes)
Reads: /scratch1/alan/data/panmama_eval/rsv_reads/reads/1_haplotypes/replicate_0/h1_r0_2000_R*.fastq
Output prefix: panmap
Outputs: bam,vcf,assembly
Reindex: 0
k-mer length: 19
s-mer length: 8
Index loaded from: dev/panmans/rsv_4000.panman.pmi
Will stop after stage: 
Loading default mutation matrices from: dev/panmans/rsv_4000.panman.mm
Reading...
Placing...
Placement time: 0 milliseconds
panmap run completed.
--- Settings ---
Pangenome: dev/panmans/rsv_4000.panman (7999 nodes)
Reads: /scratch1/alan/data/panmama_eval/rsv_reads/reads/1_haplotypes/replicate_0/h1_r0_2000_R*.fastq
Output prefix: panmap
Outputs: bam,vcf,assembly
Reindex: 0
k-mer length: 19
s-mer length: 8
Index loaded from: dev/panmans/rsv_4000.panman.pmi
Will stop after stage: 
Loading default mutation matrices from: dev/panmans/rsv_4000.panman.mm
Reading...
Placing...
Placement time: 1427 milliseconds
panmap run completed.
--- Settings ---
Pangenome: dev/panmans/rsv_4000.panman (7999 nodes)
Reads: /scratch1/alan/data/panmama_eval/rsv_reads/reads/1_haplotypes/replicate_0/h1_r0_2000_R*.fastq
Output prefix: panmap
Outputs: bam,vcf,assembly
Reindex: 0
k-mer length: 19
s-mer length: 8
Index loaded from: dev/panmans/rsv_4000.panman.pmi
Will stop after stage: 
Loading default mutation matrices from: dev/panmans/rsv_4000.panman.mm
Reading...
Placing...
Placement time: 1510 milliseconds
panmap run completed.
--- Settings ---
Pangenome: dev/panmans/rsv_4000.panman (7999 nodes)
Reads: /scratch1/alan/data/panmama_eval/rsv_reads/reads/1_haplotypes/replicate_0/h1_r0_2000_R*.fastq
Output prefix: panmap
Outputs: bam,vcf,assembly
Reindex: 0
k-mer length: 19
s-mer length: 8
Index loaded from: dev/panmans/rsv_4000.panman.pmi
Will stop after stage: 
Loading default mutation matrices from: dev/panmans/rsv_4000.panman.mm
Reading...
Placing...
Placement time: 1685 milliseconds
panmap run completed.
--- Settings ---
Pangenome: dev/panmans/rsv_4000.panman (7999 nodes)
Reads: /scratch1/alan/data/panmama_eval/rsv_reads/reads/1_haplotypes/replicate_0/h1_r0_2000_R*.fastq
Output prefix: panmap
Outputs: bam,vcf,assembly
Reindex: 0
k-mer length: 19
s-mer length: 8
Index loaded from: dev/panmans/rsv_4000.panman.pmi
Will stop after stage: 
Loading default mutation matrices from: dev/panmans/rsv_4000.panman.mm
Reading...
Placing...
Placement time: 7 milliseconds
panmap run completed.
--- Settings ---
Pangenome: dev/panmans/rsv_4000.panman (7999 nodes)
Reads: /scratch1/alan/data/panmama_eval/rsv_reads/reads/1_haplotypes/replicate_0/h1_r0_2000_R*.fastq
Output prefix: panmap
Outputs: bam,vcf,assembly
Reindex: 0
k-mer length: 19
s-mer length: 8
Index loaded from: dev/panmans/rsv_4000.panman.pmi
Will stop after stage: 
Loading default mutation matrices from: dev/panmans/rsv_4000.panman.mm
Reading...
Placing...
Placement time: 4 milliseconds
panmap run completed.
--- Settings ---
Pangenome: dev/panmans/rsv_4000.panman (7999 nodes)
Reads: /scratch1/alan/data/panmama_eval/rsv_reads/reads/1_haplotypes/replicate_0/h1_r0_2000_R*.fastq
Output prefix: panmap
Outputs: bam,vcf,assembly
Reindex: 0
k-mer length: 19
s-mer length: 8
Index loaded from: dev/panmans/rsv_4000.panman.pmi
Will stop after stage: 
Loading default mutation matrices from: dev/panmans/rsv_4000.panman.mm
Reading...
Placing...
Placement time: 16 milliseconds
panmap run completed.
--- Settings ---
Pangenome: dev/panmans/rsv_4000.panman (7999 nodes)
Reads: /scratch1/alan/data/panmama_eval/rsv_reads/reads/1_haplotypes/replicate_0/h1_r0_2000_R*.fastq
Output prefix: panmap
Outputs: bam,vcf,assembly
Reindex: 0
k-mer length: 19
s-mer length: 8
Index loaded from: dev/panmans/rsv_4000.panman.pmi
Will stop after stage: 
Loading default mutation matrices from: dev/panmans/rsv_4000.panman.mm
Reading...
Placing...
Placement time: 3 milliseconds
panmap run completed.
--- Settings ---
Pangenome: dev/panmans/rsv_4000.panman (7999 nodes)
Reads: /scratch1/alan/data/panmama_eval/rsv_reads/reads/1_haplotypes/replicate_0/h1_r0_2000_R*.fastq
Output prefix: panmap
Outputs: bam,vcf,assembly
Reindex: 0
k-mer length: 19
s-mer length: 8
Index loaded from: dev/panmans/rsv_4000.panman.pmi
Will stop after stage: 
Loading default mutation matrices from: dev/panmans/rsv_4000.panman.mm
Reading...
Placing...
Placement time: 3 milliseconds
panmap run completed.
--- Settings ---
Pangenome: dev/panmans/rsv_4000.panman (7999 nodes)
Reads: dev/parallel_testing/data/rsv4000_1hap-a_100000_rep1_R1.fastq + dev/parallel_testing/data/rsv4000_1hap-a_100000_rep1_R2.fastq
Output prefix: panmap
Outputs: bam,vcf,assembly
Reindex: 0
k-mer length: 19
s-mer length: 8
Index loaded from: dev/panmans/rsv_4000.panman.pmi
Will stop after stage: 
Loading default mutation matrices from: dev/panmans/rsv_4000.panman.mm
Reading...
Placing...
--- Settings ---
Pangenome: dev/panmans/rsv_4000.panman (7999 nodes)
Reads: dev/parallel_testing/data/rsv4000_1hap-a_100000_rep1_R1.fastq + dev/parallel_testing/data/rsv4000_1hap-a_100000_rep1_R2.fastq
Output prefix: panmap
Outputs: bam,vcf,assembly
Reindex: 0
k-mer length: 19
s-mer length: 8
Index loaded from: dev/panmans/rsv_4000.panman.pmi
Will stop after stage: 
Loading default mutation matrices from: dev/panmans/rsv_4000.panman.mm
Reading...
Placing...
Placement time: 7124 milliseconds
panmap run completed.
--- Settings ---
Pangenome: dev/panmans/rsv_4000.panman (7999 nodes)
Reads: dev/parallel_testing/data/rsv4000_1hap-a_100000_rep1_R1.fastq + dev/parallel_testing/data/rsv4000_1hap-a_100000_rep1_R2.fastq
Output prefix: panmap
Outputs: bam,vcf,assembly
Reindex: 0
k-mer length: 19
s-mer length: 8
Index loaded from: dev/panmans/rsv_4000.panman.pmi
Will stop after stage: 
Loading default mutation matrices from: dev/panmans/rsv_4000.panman.mm
Reading...
Placing...
Placement time: 7314 milliseconds
panmap run completed.
--- Settings ---
Pangenome: dev/panmans/rsv_4000.panman (7999 nodes)
Reads: dev/parallel_testing/data/rsv4000_1hap-a_100000_rep1_R1.fastq + dev/parallel_testing/data/rsv4000_1hap-a_100000_rep1_R2.fastq
Output prefix: panmap
Outputs: bam,vcf,assembly
Reindex: 0
k-mer length: 19
s-mer length: 8
Index loaded from: dev/panmans/rsv_4000.panman.pmi
Will stop after stage: 
Loading default mutation matrices from: dev/panmans/rsv_4000.panman.mm
Reading...
Placing...
Placement time: 7173 milliseconds
panmap run completed.
--- Settings ---
Pangenome: dev/panmans/rsv_4000.panman (7999 nodes)
Reads: dev/parallel_testing/data/rsv4000_1hap-a_100000_rep1_R1.fastq + dev/parallel_testing/data/rsv4000_1hap-a_100000_rep1_R2.fastq
Output prefix: panmap
Outputs: bam,vcf,assembly
Reindex: 0
k-mer length: 19
s-mer length: 8
Index loaded from: dev/panmans/rsv_4000.panman.pmi
Will stop after stage: 
Loading default mutation matrices from: dev/panmans/rsv_4000.panman.mm
Reading...
Placing...
Placement time: 8171 milliseconds
panmap run completed.
--- Settings ---
Pangenome: dev/panmans/rsv_4000.panman (7999 nodes)
Reads: dev/parallel_testing/data/rsv4000_1hap-a_100000_rep1_R1.fastq + dev/parallel_testing/data/rsv4000_1hap-a_100000_rep1_R2.fastq
Output prefix: panmap
Outputs: bam,vcf,assembly
Reindex: 0
k-mer length: 19
s-mer length: 8
Index loaded from: dev/panmans/rsv_4000.panman.pmi
Will stop after stage: 
Loading default mutation matrices from: dev/panmans/rsv_4000.panman.mm
Reading...
Placing...
Placement time: 7230 milliseconds
panmap run completed.
--- Settings ---
Pangenome: dev/panmans/rsv_4000.panman (7999 nodes)
Reads: dev/parallel_testing/data/rsv4000_1hap-a_100000_rep1_R1.fastq + dev/parallel_testing/data/rsv4000_1hap-a_100000_rep1_R2.fastq
Output prefix: panmap
Outputs: bam,vcf,assembly
Reindex: 0
k-mer length: 19
s-mer length: 8
Index loaded from: dev/panmans/rsv_4000.panman.pmi
Will stop after stage: 
Loading default mutation matrices from: dev/panmans/rsv_4000.panman.mm
Reading...
Placing...
Placement time: 7820 milliseconds
panmap run completed.
--- Settings ---
Pangenome: dev/panmans/rsv_4000.panman (7999 nodes)
Reads: dev/parallel_testing/data/rsv4000_1hap-a_100000_rep1_R1.fastq + dev/parallel_testing/data/rsv4000_1hap-a_100000_rep1_R2.fastq
Output prefix: panmap
Outputs: bam,vcf,assembly
Reindex: 0
k-mer length: 19
s-mer length: 8
Index loaded from: dev/panmans/rsv_4000.panman.pmi
Will stop after stage: 
Loading default mutation matrices from: dev/panmans/rsv_4000.panman.mm
Reading...
Placing...
Placement time: 17065 milliseconds
panmap run completed.
--- Settings ---
Pangenome: dev/panmans/rsv_4000.panman (7999 nodes)
Reads: dev/parallel_testing/data/rsv4000_1hap-a_100000_rep1_R1.fastq + dev/parallel_testing/data/rsv4000_1hap-a_100000_rep1_R2.fastq
Output prefix: panmap
Outputs: bam,vcf,assembly
Reindex: 0
k-mer length: 19
s-mer length: 8
Index loaded from: dev/panmans/rsv_4000.panman.pmi
Will stop after stage: 
Loading default mutation matrices from: dev/panmans/rsv_4000.panman.mm
Reading...
Placing...
Placement time: 7463 milliseconds
panmap run completed.
--- Settings ---
Pangenome: dev/panmans/rsv_4000.panman (7999 nodes)
Reads: dev/parallel_testing/data/rsv4000_1hap-a_100000_rep1_R1.fastq + dev/parallel_testing/data/rsv4000_1hap-a_100000_rep1_R2.fastq
Output prefix: panmap
Outputs: bam,vcf,assembly
Reindex: 0
k-mer length: 19
s-mer length: 8
Index loaded from: dev/panmans/rsv_4000.panman.pmi
Will stop after stage: 
Loading default mutation matrices from: dev/panmans/rsv_4000.panman.mm
Reading...
Placing...
Placement time: 7015 milliseconds
panmap run completed.
--- Settings ---
Pangenome: dev/panmans/rsv_4000.panman (7999 nodes)
Reads: dev/parallel_testing/data/rsv4000_1hap-a_100000_rep1_R1.fastq + dev/parallel_testing/data/rsv4000_1hap-a_100000_rep1_R2.fastq
Output prefix: panmap
Outputs: bam,vcf,assembly
Reindex: 0
k-mer length: 19
s-mer length: 8
Index loaded from: dev/panmans/rsv_4000.panman.pmi
Will stop after stage: 
Loading default mutation matrices from: dev/panmans/rsv_4000.panman.mm
Reading...
Placing...
Placement time: 6171 milliseconds
panmap run completed.
--- Settings ---
Pangenome: dev/panmans/rsv_4000.panman (7999 nodes)
Reads: dev/parallel_testing/data/rsv4000_1hap-a_100000_rep1_R1.fastq + dev/parallel_testing/data/rsv4000_1hap-a_100000_rep1_R2.fastq
Output prefix: panmap
Outputs: bam,vcf,assembly
Reindex: 0
k-mer length: 19
s-mer length: 8
Index loaded from: dev/panmans/rsv_4000.panman.pmi
Will stop after stage: 
Loading default mutation matrices from: dev/panmans/rsv_4000.panman.mm
Reading...
Placing...
Placement time: 7050 milliseconds
panmap run completed.
--- Settings ---
Pangenome: dev/panmans/rsv_4000.panman (7999 nodes)
Reads: dev/parallel_testing/data/rsv4000_1hap-a_100000_rep1_R1.fastq + dev/parallel_testing/data/rsv4000_1hap-a_100000_rep1_R2.fastq
Output prefix: panmap
Outputs: bam,vcf,assembly
Reindex: 0
k-mer length: 19
s-mer length: 8
Index loaded from: dev/panmans/rsv_4000.panman.pmi
Will stop after stage: 
Loading default mutation matrices from: dev/panmans/rsv_4000.panman.mm
Reading...
Placing...
Placement time: 8157 milliseconds
panmap run completed.
--- Settings ---
Pangenome: dev/panmans/rsv_4000.panman (7999 nodes)
Reads: dev/parallel_testing/data/rsv4000_1hap-a_100000_rep1_R1.fastq + dev/parallel_testing/data/rsv4000_1hap-a_100000_rep1_R2.fastq
Output prefix: panmap
Outputs: bam,vcf,assembly
Reindex: 0
k-mer length: 19
s-mer length: 8
Index loaded from: dev/panmans/rsv_4000.panman.pmi
Will stop after stage: 
Loading default mutation matrices from: dev/panmans/rsv_4000.panman.mm
Reading...
Placing...
Placement time: 8399 milliseconds
panmap run completed.
--- Settings ---
Pangenome: dev/panmans/rsv_4000.panman (7999 nodes)
Reads: dev/parallel_testing/data/rsv4000_1hap-a_100000_rep1_R1.fastq + dev/parallel_testing/data/rsv4000_1hap-a_100000_rep1_R2.fastq
Output prefix: panmap
Outputs: bam,vcf,assembly
Reindex: 0
k-mer length: 19
s-mer length: 8
Index loaded from: dev/panmans/rsv_4000.panman.pmi
Will stop after stage: 
Loading default mutation matrices from: dev/panmans/rsv_4000.panman.mm
Reading...
Placing...
Placement time: 8298 milliseconds
panmap run completed.
--- Settings ---
Pangenome: dev/panmans/rsv_4000.panman (7999 nodes)
Reads: dev/parallel_testing/data/rsv4000_1hap-a_100000_rep1_R1.fastq + dev/parallel_testing/data/rsv4000_1hap-a_100000_rep1_R2.fastq
Output prefix: panmap
Outputs: bam,vcf,assembly
Reindex: 0
k-mer length: 19
s-mer length: 8
Index loaded from: dev/panmans/rsv_4000.panman.pmi
Will stop after stage: 
Loading default mutation matrices from: dev/panmans/rsv_4000.panman.mm
Reading...
Placing...
Placement time: 7992 milliseconds
panmap run completed.
--- Settings ---
Pangenome: dev/panmans/rsv_4000.panman (7999 nodes)
Reads: dev/parallel_testing/data/rsv4000_1hap-a_100000_rep1_R1.fastq + dev/parallel_testing/data/rsv4000_1hap-a_100000_rep1_R2.fastq
Output prefix: panmap
Outputs: bam,vcf,assembly
Reindex: 0
k-mer length: 19
s-mer length: 8
Index loaded from: dev/panmans/rsv_4000.panman.pmi
Will stop after stage: 
Loading default mutation matrices from: dev/panmans/rsv_4000.panman.mm
Reading...
Placing...
Placement time: 6838 milliseconds
panmap run completed.
--- Settings ---
Pangenome: dev/panmans/rsv_4000.panman (7999 nodes)
Reads: dev/parallel_testing/data/rsv4000_1hap-a_100000_rep1_R1.fastq + dev/parallel_testing/data/rsv4000_1hap-a_100000_rep1_R2.fastq
Output prefix: panmap
Outputs: bam,vcf,assembly
Reindex: 0
k-mer length: 19
s-mer length: 8
Index loaded from: dev/panmans/rsv_4000.panman.pmi
Will stop after stage: 
Loading default mutation matrices from: dev/panmans/rsv_4000.panman.mm
Reading...
Placing...
Placement time: 14103 milliseconds
panmap run completed.
--- Settings ---
Pangenome: dev/panmans/rsv_4000.panman (7999 nodes)
Reads: dev/parallel_testing/data/rsv4000_1hap-a_100000_rep1_R1.fastq + dev/parallel_testing/data/rsv4000_1hap-a_100000_rep1_R2.fastq
Output prefix: panmap
Outputs: bam,vcf,assembly
Reindex: 0
k-mer length: 19
s-mer length: 8
Index loaded from: dev/panmans/rsv_4000.panman.pmi
Will stop after stage: 
Loading default mutation matrices from: dev/panmans/rsv_4000.panman.mm
Reading...
Placing...
Placement time: 12962 milliseconds
panmap run completed.
--- Settings ---
Pangenome: dev/panmans/rsv_4000.panman (7999 nodes)
Reads: dev/parallel_testing/data/rsv4000_1hap-a_100000_rep1_R1.fastq + dev/parallel_testing/data/rsv4000_1hap-a_100000_rep1_R2.fastq
Output prefix: panmap
Outputs: bam,vcf,assembly
Reindex: 0
k-mer length: 19
s-mer length: 8
Index loaded from: dev/panmans/rsv_4000.panman.pmi
Will stop after stage: 
Loading default mutation matrices from: dev/panmans/rsv_4000.panman.mm
Reading...
Placing...
Placement time: 5978 milliseconds
panmap run completed.
--- Settings ---
Pangenome: dev/panmans/rsv_4000.panman (7999 nodes)
Reads: dev/parallel_testing/data/rsv4000_1hap-a_100000_rep1_R1.fastq + dev/parallel_testing/data/rsv4000_1hap-a_100000_rep1_R2.fastq
Output prefix: panmap
Outputs: bam,vcf,assembly
Reindex: 0
k-mer length: 19
s-mer length: 8
Index loaded from: dev/panmans/rsv_4000.panman.pmi
Will stop after stage: 
Loading default mutation matrices from: dev/panmans/rsv_4000.panman.mm
Reading...
Placing...
Placement time: 12100 milliseconds
panmap run completed.
--- Settings ---
Pangenome: dev/panmans/rsv_4000.panman (7999 nodes)
Reads: dev/parallel_testing/data/rsv4000_1hap-a_100000_rep1_R1.fastq + dev/parallel_testing/data/rsv4000_1hap-a_100000_rep1_R2.fastq
Output prefix: panmap
Outputs: bam,vcf,assembly
Reindex: 0
k-mer length: 19
s-mer length: 8
Index loaded from: dev/panmans/rsv_4000.panman.pmi
Will stop after stage: 
Loading default mutation matrices from: dev/panmans/rsv_4000.panman.mm
Reading...
Placing...
Placement time: 15037 milliseconds
panmap run completed.
--- Settings ---
Pangenome: dev/panmans/rsv_4000.panman (7999 nodes)
Reads: dev/parallel_testing/data/rsv4000_1hap-a_100000_rep1_R1.fastq + dev/parallel_testing/data/rsv4000_1hap-a_100000_rep1_R2.fastq
Output prefix: panmap
Outputs: bam,vcf,assembly
Reindex: 0
k-mer length: 19
s-mer length: 8
Index loaded from: dev/panmans/rsv_4000.panman.pmi
Will stop after stage: 
Loading default mutation matrices from: dev/panmans/rsv_4000.panman.mm
Reading...
Placing...
Placement time: 31508 milliseconds
panmap run completed.
