node_14405	Elephantidae	4	0,1,3,4
node_14404,NC_007596.2,DQ188829.2	Elephantidae	21	0,1,2,3,4,11,12,23,25,26,27,28,29,30,31,32,33,34,35,36,39
node_3252,NC_039135.1,AP018342.1	Notacanthidae	1	38
node_12031,MN259079.1,NC_044873.1	Pipidae	1	37
node_4765,OQ603602.1,NC_077583.1	Nemacheilidae	1	6
node_14410,KY364233.1,NC_035800.1	Elephantidae	2	0,1
node_14406,AJ224821.1,NC_000934.1	Elephantidae	4	0,1,3,4
node_4311	Botiidae	1	9
node_11279	Dicroglossidae	1	10
node_14400	Elephantidae	6	0,1,3,4,11,12
node_14407	Elephantidae	4	1,2,3,4
node_14456,NC_028563.1,KT818536.1	Chlamyphoridae	1	7
node_12060	Plethodontidae	1	8
node_14402,JF912199.1,node_14403,NC_015529.1	Elephantidae	18	0,1,2,3,4,11,25,26,27,28,29,30,31,32,33,34,35,36
node_11280	Dicroglossidae	1	10
node_4735	Nemacheilidae	1	24
node_14408,NC_020759.1,JN673264.1	Elephantidae	3	1,3,4
node_9733	Kyphosidae	1	19
node_6963	Gonorynchidae	1	5
node_14409,KY499555.1,NC_035230.1	Elephantidae	4	1,2,3,4
node_4312	Botiidae	1	9
node_4313	Botiidae	1	9
node_4314,NC_031600.1,AP011347.1	Botiidae	1	9
node_5832,KP013104.1,NC_028291.1	Leuciscidae	1	13
node_7142,NC_068841.1,ON005612.1	Myctophidae	1	14
node_94,MN977920.1,NC_050664.1	Scincidae	1	15
node_7521,MG321595.1,NC_037248.1	Stomiidae	1	16
node_356,NC_012443.1,EF222190.1	Chamaeleonidae	1	17
node_7761,NC_081957.1,OR066216.1	Gobiidae	1	18
node_6633,NC_082182.1,OM960959.1	Pegasidae	1	20
node_14399	Elephantidae	6	0,1,3,4,11,12
node_11144	Megophryidae	1	21
node_12279,NC_020154.1,AY954504.1	Herpelidae	1	22
node_14398	Elephantidae	3	0,1,12
node_14401,NC_005129.2,DQ316068.1	Elephantidae	5	0,3,4,12,23
